<?xml version="1.0" encoding="UTF-8"?>
<testsuite xmlns:xsi="http://www.w3.org/2001/XMLSchema-instance" xsi:noNamespaceSchemaLocation="https://maven.apache.org/surefire/maven-surefire-plugin/xsd/surefire-test-report.xsd" version="3.0.2" name="TestSuite" time="17.674" tests="1" errors="0" skipped="0" failures="0">
  <properties>
[...]
</properties>
  <testcase name="Verify_HomePage_Logo" classname="TestCases.TC001_AccountregistrationTest" time="7.426">
    <system-out><![CDATA[2025-01-22T10:33:49.839569400Z main INFO Starting configuration XmlConfiguration[location=D:\OpenCart\target\test-classes\log4j2.xml, lastModified=2024-12-06T06:30:45.583Z]...
2025-01-22T10:33:49.848207300Z main INFO Start watching for changes to D:\OpenCart\target\test-classes\log4j2.xml every 0 seconds
2025-01-22T10:33:49.849204700Z main INFO Configuration XmlConfiguration[location=D:\OpenCart\target\test-classes\log4j2.xml, lastModified=2024-12-06T06:30:45.583Z] started.
2025-01-22T10:33:49.854035200Z main INFO Stopping configuration org.apache.logging.log4j.core.config.DefaultConfiguration@460d0a57...
2025-01-22T10:33:49.854882100Z main INFO Configuration org.apache.logging.log4j.core.config.DefaultConfiguration@460d0a57 stopped.
]]></system-out>
    <system-err><![CDATA[Jan 22, 2025 4:03:54 PM org.openqa.selenium.devtools.CdpVersionFinder findNearestMatch
WARNING: Unable to find an exact match for CDP version 132, returning the closest version; found: 130; Please update to a Selenium version that supports CDP version 132
]]></system-err>
  </testcase>
</testsuite>