<?xml version="1.0" encoding="UTF-8"?>
<testng-results ignored="0" total="1" passed="1" failed="0" skipped="0">
  <reporter-output>
  </reporter-output>
  <suite started-at="2025-01-08T13:13:01 IST" name="Suite" finished-at="2025-01-08T13:13:14 IST" duration-ms="12865">
    <groups>
      <group name="Master">
        <method signature="TC001_AccountregistrationTest.Verify_HomePage_Logo()[pri:0, instance:TestCases.TC001_AccountregistrationTest@41a90fa8]" name="Verify_HomePage_Logo" class="TestCases.TC001_AccountregistrationTest"/>
      </group> <!-- Master -->
      <group name="Regression">
        <method signature="TC001_AccountregistrationTest.Verify_HomePage_Logo()[pri:0, instance:TestCases.TC001_AccountregistrationTest@41a90fa8]" name="Verify_HomePage_Logo" class="TestCases.TC001_AccountregistrationTest"/>
      </group> <!-- Regression -->
    </groups>
    <test started-at="2025-01-08T13:13:01 IST" name="Test" finished-at="2025-01-08T13:13:14 IST" duration-ms="12865">
      <class name="TestCases.TC001_AccountregistrationTest">
        <test-method is-config="true" signature="setup(java.lang.String,java.lang.String)[pri:0, instance:TestCases.TC001_AccountregistrationTest@41a90fa8]" started-at="2025-01-08T13:13:02 IST" name="setup" finished-at="2025-01-08T13:13:06 IST" duration-ms="4680" status="PASS">
          <params>
            <param index="0">
              <value>
                <![CDATA[Windows]]>
              </value>
            </param>
            <param index="1">
              <value>
                <![CDATA[chrome]]>
              </value>
            </param>
          </params>
          <reporter-output>
          </reporter-output>
        </test-method> <!-- setup -->
        <test-method signature="Verify_HomePage_Logo()[pri:0, instance:TestCases.TC001_AccountregistrationTest@41a90fa8]" started-at="2025-01-08T13:13:06 IST" name="Verify_HomePage_Logo" finished-at="2025-01-08T13:13:13 IST" duration-ms="7032" status="PASS">
          <reporter-output>
          </reporter-output>
        </test-method> <!-- Verify_HomePage_Logo -->
        <test-method is-config="true" signature="tearDown()[pri:0, instance:TestCases.TC001_AccountregistrationTest@41a90fa8]" started-at="2025-01-08T13:13:13 IST" name="tearDown" finished-at="2025-01-08T13:13:14 IST" duration-ms="678" status="PASS">
          <reporter-output>
          </reporter-output>
        </test-method> <!-- tearDown -->
      </class> <!-- TestCases.TC001_AccountregistrationTest -->
    </test> <!-- Test -->
  </suite> <!-- Suite -->
</testng-results>
